<?xml version="1.0" encoding="UTF-8"?>
<!-- Generated by org.testng.reporters.JUnitReportReporter -->
<testsuite hostname="Khoas-iMAC.local" failures="0" tests="1" name="lambada.MultiBrowser" time="8.968" errors="0" timestamp="03 Sep 2021 11:01:08 GMT" skipped="0">
  <testcase classname="lambada.MultiBrowser" name="getURL_VerifyLogin" time="8.968"/>
</testsuite> <!-- lambada.MultiBrowser -->
