<?xml version="1.0" encoding="UTF-8"?>
<!-- Generated by org.testng.reporters.JUnitReportReporter -->
<testsuite hostname="Khoas-iMac.local" failures="0" tests="4" name="lambada.NewTestNG" time="0.007" errors="0" timestamp="27 May 2021 13:14:13 GMT" skipped="0">
  <testcase classname="lambada.NewTestNG" name="B" time="0.001"/>
  <testcase classname="lambada.NewTestNG" name="C2" time="0.001"/>
  <testcase classname="lambada.NewTestNG" name="C1" time="0.001"/>
  <testcase classname="lambada.NewTestNG" name="A" time="0.004"/>
</testsuite> <!-- lambada.NewTestNG -->
