<?xml version="1.0" encoding="UTF-8"?>
<!-- Generated by org.testng.reporters.JUnitReportReporter -->
<testsuite hostname="Khoas-iMac.local" failures="0" tests="1" name="lambada.Review" time="15.850" errors="0" timestamp="12 Aug 2021 13:00:49 GMT" skipped="0">
  <testcase classname="lambada.Review" name="TC01_GetAndVerify" time="15.850"/>
</testsuite> <!-- lambada.Review -->
